{"total": {"lines":{"total":403,"covered":80,"skipped":0,"pct":19.85},"statements":{"total":972,"covered":87,"skipped":0,"pct":8.95},"functions":{"total":108,"covered":17,"skipped":0,"pct":15.74},"branches":{"total":413,"covered":29,"skipped":0,"pct":7.02},"branchesTrue":{"total":0,"covered":0,"skipped":0,"pct":100}}
,"C:\\Users\\alex shu\\Desktop\\myThings\\Project\\Uni\\PoC\\microservizi\\magazzino\\inventario\\coverage\\lcov-report\\block-navigation.js": {"lines":{"total":30,"covered":0,"skipped":0,"pct":0},"functions":{"total":6,"covered":0,"skipped":0,"pct":0},"statements":{"total":30,"covered":0,"skipped":0,"pct":0},"branches":{"total":19,"covered":0,"skipped":0,"pct":0}}
,"C:\\Users\\alex shu\\Desktop\\myThings\\Project\\Uni\\PoC\\microservizi\\magazzino\\inventario\\coverage\\lcov-report\\prettify.js": {"lines":{"total":1,"covered":0,"skipped":0,"pct":0},"functions":{"total":29,"covered":0,"skipped":0,"pct":0},"statements":{"total":536,"covered":0,"skipped":0,"pct":0},"branches":{"total":286,"covered":0,"skipped":0,"pct":0}}
,"C:\\Users\\alex shu\\Desktop\\myThings\\Project\\Uni\\PoC\\microservizi\\magazzino\\inventario\\coverage\\lcov-report\\sorter.js": {"lines":{"total":89,"covered":0,"skipped":0,"pct":0},"functions":{"total":19,"covered":0,"skipped":0,"pct":0},"statements":{"total":90,"covered":0,"skipped":0,"pct":0},"branches":{"total":24,"covered":0,"skipped":0,"pct":0}}
,"C:\\Users\\alex shu\\Desktop\\myThings\\Project\\Uni\\PoC\\microservizi\\magazzino\\inventario\\src\\app.module.ts": {"lines":{"total":9,"covered":0,"skipped":0,"pct":0},"functions":{"total":0,"covered":0,"skipped":0,"pct":100},"statements":{"total":11,"covered":0,"skipped":0,"pct":0},"branches":{"total":0,"covered":0,"skipped":0,"pct":100}}
,"C:\\Users\\alex shu\\Desktop\\myThings\\Project\\Uni\\PoC\\microservizi\\magazzino\\inventario\\src\\main.ts": {"lines":{"total":10,"covered":0,"skipped":0,"pct":0},"functions":{"total":1,"covered":0,"skipped":0,"pct":0},"statements":{"total":10,"covered":0,"skipped":0,"pct":0},"branches":{"total":4,"covered":0,"skipped":0,"pct":0}}
,"C:\\Users\\alex shu\\Desktop\\myThings\\Project\\Uni\\PoC\\microservizi\\magazzino\\inventario\\src\\application\\bootstrap.module.ts": {"lines":{"total":18,"covered":0,"skipped":0,"pct":0},"functions":{"total":3,"covered":0,"skipped":0,"pct":0},"statements":{"total":20,"covered":0,"skipped":0,"pct":0},"branches":{"total":4,"covered":0,"skipped":0,"pct":0}}
,"C:\\Users\\alex shu\\Desktop\\myThings\\Project\\Uni\\PoC\\microservizi\\magazzino\\inventario\\src\\application\\inventoryHandler.service.ts": {"lines":{"total":55,"covered":48,"skipped":0,"pct":87.27},"functions":{"total":8,"covered":8,"skipped":0,"pct":100},"statements":{"total":58,"covered":51,"skipped":0,"pct":87.93},"branches":{"total":48,"covered":29,"skipped":0,"pct":60.41}}
,"C:\\Users\\alex shu\\Desktop\\myThings\\Project\\Uni\\PoC\\microservizi\\magazzino\\inventario\\src\\application\\saga-messages.service.ts": {"lines":{"total":29,"covered":0,"skipped":0,"pct":0},"functions":{"total":4,"covered":0,"skipped":0,"pct":0},"statements":{"total":31,"covered":0,"skipped":0,"pct":0},"branches":{"total":10,"covered":0,"skipped":0,"pct":0}}
,"C:\\Users\\alex shu\\Desktop\\myThings\\Project\\Uni\\PoC\\microservizi\\magazzino\\inventario\\src\\domain\\core\\concreteProduct.ts": {"lines":{"total":25,"covered":15,"skipped":0,"pct":60},"functions":{"total":11,"covered":7,"skipped":0,"pct":63.63},"statements":{"total":31,"covered":15,"skipped":0,"pct":48.38},"branches":{"total":8,"covered":0,"skipped":0,"pct":0}}
,"C:\\Users\\alex shu\\Desktop\\myThings\\Project\\Uni\\PoC\\microservizi\\magazzino\\inventario\\src\\domain\\core\\product.ts": {"lines":{"total":1,"covered":1,"skipped":0,"pct":100},"functions":{"total":1,"covered":1,"skipped":0,"pct":100},"statements":{"total":1,"covered":1,"skipped":0,"pct":100},"branches":{"total":0,"covered":0,"skipped":0,"pct":100}}
,"C:\\Users\\alex shu\\Desktop\\myThings\\Project\\Uni\\PoC\\microservizi\\magazzino\\inventario\\src\\infrastructure\\adapters\\mongo_db\\inventory.repository.impl.ts": {"lines":{"total":24,"covered":7,"skipped":0,"pct":29.16},"functions":{"total":10,"covered":1,"skipped":0,"pct":10},"statements":{"total":28,"covered":9,"skipped":0,"pct":32.14},"branches":{"total":2,"covered":0,"skipped":0,"pct":0}}
,"C:\\Users\\alex shu\\Desktop\\myThings\\Project\\Uni\\PoC\\microservizi\\magazzino\\inventario\\src\\infrastructure\\adapters\\mongo_db\\mongo.module.ts": {"lines":{"total":6,"covered":0,"skipped":0,"pct":0},"functions":{"total":0,"covered":0,"skipped":0,"pct":100},"statements":{"total":8,"covered":0,"skipped":0,"pct":0},"branches":{"total":2,"covered":0,"skipped":0,"pct":0}}
,"C:\\Users\\alex shu\\Desktop\\myThings\\Project\\Uni\\PoC\\microservizi\\magazzino\\inventario\\src\\infrastructure\\schemas\\inventory.schema.ts": {"lines":{"total":9,"covered":9,"skipped":0,"pct":100},"functions":{"total":0,"covered":0,"skipped":0,"pct":100},"statements":{"total":11,"covered":11,"skipped":0,"pct":100},"branches":{"total":0,"covered":0,"skipped":0,"pct":100}}
,"C:\\Users\\alex shu\\Desktop\\myThings\\Project\\Uni\\PoC\\microservizi\\magazzino\\inventario\\src\\interfaces\\http\\app.controller.ts": {"lines":{"total":39,"covered":0,"skipped":0,"pct":0},"functions":{"total":7,"covered":0,"skipped":0,"pct":0},"statements":{"total":41,"covered":0,"skipped":0,"pct":0},"branches":{"total":0,"covered":0,"skipped":0,"pct":100}}
,"C:\\Users\\alex shu\\Desktop\\myThings\\Project\\Uni\\PoC\\microservizi\\magazzino\\inventario\\src\\interfaces\\http\\dto\\addProduct.dto.ts": {"lines":{"total":8,"covered":0,"skipped":0,"pct":0},"functions":{"total":0,"covered":0,"skipped":0,"pct":100},"statements":{"total":8,"covered":0,"skipped":0,"pct":0},"branches":{"total":0,"covered":0,"skipped":0,"pct":100}}
,"C:\\Users\\alex shu\\Desktop\\myThings\\Project\\Uni\\PoC\\microservizi\\magazzino\\inventario\\src\\interfaces\\http\\dto\\checkProduct.dto.ts": {"lines":{"total":4,"covered":0,"skipped":0,"pct":0},"functions":{"total":0,"covered":0,"skipped":0,"pct":100},"statements":{"total":4,"covered":0,"skipped":0,"pct":0},"branches":{"total":0,"covered":0,"skipped":0,"pct":100}}
,"C:\\Users\\alex shu\\Desktop\\myThings\\Project\\Uni\\PoC\\microservizi\\magazzino\\inventario\\src\\interfaces\\http\\dto\\editProduct.dto.ts": {"lines":{"total":6,"covered":0,"skipped":0,"pct":0},"functions":{"total":0,"covered":0,"skipped":0,"pct":100},"statements":{"total":6,"covered":0,"skipped":0,"pct":0},"branches":{"total":0,"covered":0,"skipped":0,"pct":100}}
,"C:\\Users\\alex shu\\Desktop\\myThings\\Project\\Uni\\PoC\\microservizi\\magazzino\\inventario\\src\\interfaces\\http\\dto\\id.dto.ts": {"lines":{"total":5,"covered":0,"skipped":0,"pct":0},"functions":{"total":1,"covered":0,"skipped":0,"pct":0},"statements":{"total":5,"covered":0,"skipped":0,"pct":0},"branches":{"total":0,"covered":0,"skipped":0,"pct":100}}
,"C:\\Users\\alex shu\\Desktop\\myThings\\Project\\Uni\\PoC\\microservizi\\magazzino\\inventario\\src\\interfaces\\http\\saga-messages\\saga-messages.controller.ts": {"lines":{"total":16,"covered":0,"skipped":0,"pct":0},"functions":{"total":5,"covered":0,"skipped":0,"pct":0},"statements":{"total":20,"covered":0,"skipped":0,"pct":0},"branches":{"total":4,"covered":0,"skipped":0,"pct":0}}
,"C:\\Users\\alex shu\\Desktop\\myThings\\Project\\Uni\\PoC\\microservizi\\magazzino\\inventario\\src\\interfaces\\http\\saga-messages\\saga-messages.module.ts": {"lines":{"total":6,"covered":0,"skipped":0,"pct":0},"functions":{"total":0,"covered":0,"skipped":0,"pct":100},"statements":{"total":8,"covered":0,"skipped":0,"pct":0},"branches":{"total":0,"covered":0,"skipped":0,"pct":100}}
,"C:\\Users\\alex shu\\Desktop\\myThings\\Project\\Uni\\PoC\\microservizi\\magazzino\\inventario\\src\\nats-client\\nats-client.module.ts": {"lines":{"total":3,"covered":0,"skipped":0,"pct":0},"functions":{"total":0,"covered":0,"skipped":0,"pct":100},"statements":{"total":5,"covered":0,"skipped":0,"pct":0},"branches":{"total":2,"covered":0,"skipped":0,"pct":0}}
,"C:\\Users\\alex shu\\Desktop\\myThings\\Project\\Uni\\PoC\\microservizi\\magazzino\\inventario\\test\\app.e2e-spec.ts": {"lines":{"total":10,"covered":0,"skipped":0,"pct":0},"functions":{"total":3,"covered":0,"skipped":0,"pct":0},"statements":{"total":10,"covered":0,"skipped":0,"pct":0},"branches":{"total":0,"covered":0,"skipped":0,"pct":100}}
}
