{"C:\\Users\\alex shu\\Desktop\\myThings\\Project\\Uni\\PoC\\microservizi\\magazzino\\inventario\\src\\app.module.ts": {"path":"C:\\Users\\alex shu\\Desktop\\myThings\\Project\\Uni\\PoC\\microservizi\\magazzino\\inventario\\src\\app.module.ts","statementMap":{"0":{"start":{"line":1,"column":0},"end":{"line":1,"column":81}},"1":{"start":{"line":2,"column":0},"end":{"line":2,"column":64}},"2":{"start":{"line":4,"column":0},"end":{"line":4,"column":46}},"3":{"start":{"line":6,"column":0},"end":{"line":6,"column":65}},"4":{"start":{"line":8,"column":0},"end":{"line":8,"column":90}},"5":{"start":{"line":9,"column":0},"end":{"line":9,"column":78}},"6":{"start":{"line":10,"column":0},"end":{"line":10,"column":68}},"7":{"start":{"line":11,"column":0},"end":{"line":11,"column":65}},"8":{"start":{"line":26,"column":7},"end":{"line":26,"column":null}},"9":{"start":{"line":26,"column":13},"end":{"line":26,"column":22}},"10":{"start":{"line":26,"column":13},"end":{"line":26,"column":null}}},"fnMap":{},"branchMap":{},"s":{"0":0,"1":0,"2":0,"3":0,"4":0,"5":0,"6":0,"7":0,"8":0,"9":0,"10":0},"f":{},"b":{}}
,"C:\\Users\\alex shu\\Desktop\\myThings\\Project\\Uni\\PoC\\microservizi\\magazzino\\inventario\\src\\main.ts": {"path":"C:\\Users\\alex shu\\Desktop\\myThings\\Project\\Uni\\PoC\\microservizi\\magazzino\\inventario\\src\\main.ts","statementMap":{"0":{"start":{"line":1,"column":0},"end":{"line":1,"column":43}},"1":{"start":{"line":2,"column":0},"end":{"line":2,"column":41}},"2":{"start":{"line":3,"column":0},"end":{"line":3,"column":48}},"3":{"start":{"line":4,"column":0},"end":{"line":4,"column":71}},"4":{"start":{"line":7,"column":14},"end":{"line":7,"column":49}},"5":{"start":{"line":8,"column":2},"end":{"line":8,"column":43}},"6":{"start":{"line":10,"column":2},"end":{"line":15,"column":5}},"7":{"start":{"line":17,"column":2},"end":{"line":17,"column":36}},"8":{"start":{"line":18,"column":2},"end":{"line":18,"column":45}},"9":{"start":{"line":20,"column":0},"end":{"line":20,"column":12}}},"fnMap":{"0":{"name":"bootstrap","decl":{"start":{"line":6,"column":15},"end":{"line":6,"column":24}},"loc":{"start":{"line":6,"column":24},"end":{"line":19,"column":1}}}},"branchMap":{"0":{"loc":{"start":{"line":13,"column":16},"end":{"line":13,"column":58}},"type":"binary-expr","locations":[{"start":{"line":13,"column":16},"end":{"line":13,"column":36}},{"start":{"line":13,"column":40},"end":{"line":13,"column":58}}]},"1":{"loc":{"start":{"line":18,"column":19},"end":{"line":18,"column":43}},"type":"binary-expr","locations":[{"start":{"line":18,"column":19},"end":{"line":18,"column":35}},{"start":{"line":18,"column":39},"end":{"line":18,"column":43}}]}},"s":{"0":0,"1":0,"2":0,"3":0,"4":0,"5":0,"6":0,"7":0,"8":0,"9":0},"f":{"0":0},"b":{"0":[0,0],"1":[0,0]}}
,"C:\\Users\\alex shu\\Desktop\\myThings\\Project\\Uni\\PoC\\microservizi\\magazzino\\inventario\\src\\application\\bootstrap.module.ts": {"path":"C:\\Users\\alex shu\\Desktop\\myThings\\Project\\Uni\\PoC\\microservizi\\magazzino\\inventario\\src\\application\\bootstrap.module.ts","statementMap":{"0":{"start":{"line":1,"column":0},"end":{"line":1,"column":84}},"1":{"start":{"line":2,"column":0},"end":{"line":2,"column":80}},"2":{"start":{"line":3,"column":0},"end":{"line":3,"column":70}},"3":{"start":{"line":4,"column":0},"end":{"line":4,"column":106}},"4":{"start":{"line":5,"column":0},"end":{"line":5,"column":52}},"5":{"start":{"line":15,"column":7},"end":{"line":52,"column":null}},"6":{"start":{"line":17,"column":56},"end":{"line":17,"column":77}},"7":{"start":{"line":18,"column":49},"end":{"line":18,"column":61}},"8":{"start":{"line":21,"column":8},"end":{"line":21,"column":57}},"9":{"start":{"line":22,"column":8},"end":{"line":22,"column":30}},"10":{"start":{"line":27,"column":25},"end":{"line":27,"column":65}},"11":{"start":{"line":28,"column":8},"end":{"line":50,"column":9}},"12":{"start":{"line":30,"column":30},"end":{"line":41,"column":14}},"13":{"start":{"line":43,"column":12},"end":{"line":49,"column":13}},"14":{"start":{"line":44,"column":16},"end":{"line":44,"column":62}},"15":{"start":{"line":45,"column":16},"end":{"line":45,"column":94}},"16":{"start":{"line":47,"column":16},"end":{"line":47,"column":89}},"17":{"start":{"line":48,"column":16},"end":{"line":48,"column":67}},"18":{"start":{"line":15,"column":13},"end":{"line":15,"column":28}},"19":{"start":{"line":15,"column":13},"end":{"line":52,"column":null}}},"fnMap":{"0":{"name":"(anonymous_4)","decl":{"start":{"line":16,"column":4},"end":{"line":16,"column":null}},"loc":{"start":{"line":18,"column":72},"end":{"line":19,"column":9}}},"1":{"name":"(anonymous_5)","decl":{"start":{"line":20,"column":4},"end":{"line":20,"column":26}},"loc":{"start":{"line":20,"column":26},"end":{"line":23,"column":5}}},"2":{"name":"(anonymous_6)","decl":{"start":{"line":25,"column":12},"end":{"line":25,"column":17}},"loc":{"start":{"line":25,"column":32},"end":{"line":51,"column":5}}}},"branchMap":{"0":{"loc":{"start":{"line":34,"column":36},"end":{"line":34,"column":81}},"type":"binary-expr","locations":[{"start":{"line":34,"column":36},"end":{"line":34,"column":60}},{"start":{"line":34,"column":64},"end":{"line":34,"column":81}}]},"1":{"loc":{"start":{"line":40,"column":24},"end":{"line":40,"column":69}},"type":"binary-expr","locations":[{"start":{"line":40,"column":24},"end":{"line":40,"column":48}},{"start":{"line":40,"column":52},"end":{"line":40,"column":69}}]}},"s":{"0":0,"1":0,"2":0,"3":0,"4":0,"5":0,"6":0,"7":0,"8":0,"9":0,"10":0,"11":0,"12":0,"13":0,"14":0,"15":0,"16":0,"17":0,"18":0,"19":0},"f":{"0":0,"1":0,"2":0},"b":{"0":[0,0],"1":[0,0]}}
,"C:\\Users\\alex shu\\Desktop\\myThings\\Project\\Uni\\PoC\\microservizi\\magazzino\\inventario\\src\\application\\inventoryHandler.service.ts": {"path":"C:\\Users\\alex shu\\Desktop\\myThings\\Project\\Uni\\PoC\\microservizi\\magazzino\\inventario\\src\\application\\inventoryHandler.service.ts","statementMap":{"0":{"start":{"line":1,"column":0},"end":{"line":1,"column":106}},"1":{"start":{"line":2,"column":0},"end":{"line":2,"column":71}},"2":{"start":{"line":3,"column":0},"end":{"line":3,"column":66}},"3":{"start":{"line":7,"column":0},"end":{"line":7,"column":52}},"4":{"start":{"line":11,"column":7},"end":{"line":175,"column":null}},"5":{"start":{"line":13,"column":52},"end":{"line":13,"column":73}},"6":{"start":{"line":14,"column":45},"end":{"line":14,"column":57}},"7":{"start":{"line":18,"column":20},"end":{"line":18,"column":67}},"8":{"start":{"line":20,"column":4},"end":{"line":22,"column":5}},"9":{"start":{"line":21,"column":6},"end":{"line":21,"column":48}},"10":{"start":{"line":24,"column":23},"end":{"line":30,"column":null}},"11":{"start":{"line":33,"column":4},"end":{"line":33,"column":58}},"12":{"start":{"line":36,"column":22},"end":{"line":47,"column":6}},"13":{"start":{"line":49,"column":4},"end":{"line":54,"column":7}},"14":{"start":{"line":56,"column":4},"end":{"line":62,"column":5}},"15":{"start":{"line":57,"column":6},"end":{"line":57,"column":52}},"16":{"start":{"line":58,"column":6},"end":{"line":58,"column":72}},"17":{"start":{"line":60,"column":6},"end":{"line":60,"column":79}},"18":{"start":{"line":61,"column":6},"end":{"line":61,"column":57}},"19":{"start":{"line":66,"column":20},"end":{"line":66,"column":66}},"20":{"start":{"line":68,"column":4},"end":{"line":70,"column":5}},"21":{"start":{"line":69,"column":6},"end":{"line":69,"column":72}},"22":{"start":{"line":72,"column":4},"end":{"line":72,"column":52}},"23":{"start":{"line":76,"column":4},"end":{"line":76,"column":46}},"24":{"start":{"line":81,"column":20},"end":{"line":81,"column":66}},"25":{"start":{"line":83,"column":4},"end":{"line":85,"column":5}},"26":{"start":{"line":84,"column":6},"end":{"line":84,"column":43}},"27":{"start":{"line":88,"column":4},"end":{"line":91,"column":5}},"28":{"start":{"line":89,"column":6},"end":{"line":89,"column":134}},"29":{"start":{"line":90,"column":6},"end":{"line":90,"column":136}},"30":{"start":{"line":94,"column":16},"end":{"line":94,"column":64}},"31":{"start":{"line":96,"column":4},"end":{"line":98,"column":5}},"32":{"start":{"line":97,"column":6},"end":{"line":97,"column":66}},"33":{"start":{"line":101,"column":22},"end":{"line":107,"column":6}},"34":{"start":{"line":109,"column":4},"end":{"line":115,"column":7}},"35":{"start":{"line":117,"column":4},"end":{"line":123,"column":5}},"36":{"start":{"line":118,"column":6},"end":{"line":118,"column":54}},"37":{"start":{"line":119,"column":6},"end":{"line":119,"column":113}},"38":{"start":{"line":121,"column":6},"end":{"line":121,"column":81}},"39":{"start":{"line":122,"column":6},"end":{"line":122,"column":59}},"40":{"start":{"line":127,"column":20},"end":{"line":127,"column":71}},"41":{"start":{"line":129,"column":4},"end":{"line":131,"column":5}},"42":{"start":{"line":130,"column":6},"end":{"line":130,"column":55}},"43":{"start":{"line":133,"column":27},"end":{"line":139,"column":null}},"44":{"start":{"line":142,"column":4},"end":{"line":142,"column":77}},"45":{"start":{"line":145,"column":22},"end":{"line":156,"column":6}},"46":{"start":{"line":157,"column":4},"end":{"line":157,"column":81}},"47":{"start":{"line":158,"column":4},"end":{"line":158,"column":93}},"48":{"start":{"line":159,"column":4},"end":{"line":166,"column":5}},"49":{"start":{"line":160,"column":6},"end":{"line":160,"column":53}},"50":{"start":{"line":162,"column":6},"end":{"line":162,"column":78}},"51":{"start":{"line":164,"column":6},"end":{"line":164,"column":80}},"52":{"start":{"line":165,"column":6},"end":{"line":165,"column":58}},"53":{"start":{"line":170,"column":21},"end":{"line":170,"column":61}},"54":{"start":{"line":171,"column":4},"end":{"line":171,"column":81}},"55":{"start":{"line":171,"column":47},"end":{"line":171,"column":76}},"56":{"start":{"line":11,"column":13},"end":{"line":11,"column":36}},"57":{"start":{"line":11,"column":13},"end":{"line":175,"column":null}}},"fnMap":{"0":{"name":"(anonymous_4)","decl":{"start":{"line":12,"column":2},"end":{"line":12,"column":null}},"loc":{"start":{"line":14,"column":68},"end":{"line":15,"column":7}}},"1":{"name":"(anonymous_5)","decl":{"start":{"line":17,"column":2},"end":{"line":17,"column":7}},"loc":{"start":{"line":17,"column":37},"end":{"line":63,"column":3}}},"2":{"name":"(anonymous_6)","decl":{"start":{"line":65,"column":2},"end":{"line":65,"column":7}},"loc":{"start":{"line":65,"column":33},"end":{"line":73,"column":3}}},"3":{"name":"(anonymous_7)","decl":{"start":{"line":75,"column":2},"end":{"line":75,"column":7}},"loc":{"start":{"line":75,"column":20},"end":{"line":77,"column":3}}},"4":{"name":"(anonymous_8)","decl":{"start":{"line":79,"column":2},"end":{"line":79,"column":7}},"loc":{"start":{"line":79,"column":31},"end":{"line":124,"column":3}}},"5":{"name":"(anonymous_9)","decl":{"start":{"line":126,"column":2},"end":{"line":126,"column":7}},"loc":{"start":{"line":126,"column":43},"end":{"line":167,"column":3}}},"6":{"name":"(anonymous_10)","decl":{"start":{"line":169,"column":2},"end":{"line":169,"column":7}},"loc":{"start":{"line":169,"column":16},"end":{"line":172,"column":3}}},"7":{"name":"(anonymous_11)","decl":{"start":{"line":171,"column":27},"end":{"line":171,"column":28}},"loc":{"start":{"line":171,"column":47},"end":{"line":171,"column":76}}}},"branchMap":{"0":{"loc":{"start":{"line":20,"column":4},"end":{"line":22,"column":5}},"type":"if","locations":[{"start":{"line":20,"column":4},"end":{"line":22,"column":5}}]},"1":{"loc":{"start":{"line":28,"column":6},"end":{"line":28,"column":65}},"type":"cond-expr","locations":[{"start":{"line":28,"column":49},"end":{"line":28,"column":61}},{"start":{"line":28,"column":64},"end":{"line":28,"column":65}}]},"2":{"loc":{"start":{"line":28,"column":6},"end":{"line":28,"column":46}},"type":"binary-expr","locations":[{"start":{"line":28,"column":6},"end":{"line":28,"column":32}},{"start":{"line":28,"column":36},"end":{"line":28,"column":40}},{"start":{"line":28,"column":44},"end":{"line":28,"column":46}}]},"3":{"loc":{"start":{"line":29,"column":6},"end":{"line":29,"column":71}},"type":"cond-expr","locations":[{"start":{"line":29,"column":52},"end":{"line":29,"column":67}},{"start":{"line":29,"column":70},"end":{"line":29,"column":71}}]},"4":{"loc":{"start":{"line":29,"column":6},"end":{"line":29,"column":49}},"type":"binary-expr","locations":[{"start":{"line":29,"column":6},"end":{"line":29,"column":35}},{"start":{"line":29,"column":39},"end":{"line":29,"column":43}},{"start":{"line":29,"column":47},"end":{"line":29,"column":49}}]},"5":{"loc":{"start":{"line":30,"column":6},"end":{"line":30,"column":71}},"type":"cond-expr","locations":[{"start":{"line":30,"column":52},"end":{"line":30,"column":67}},{"start":{"line":30,"column":70},"end":{"line":30,"column":71}}]},"6":{"loc":{"start":{"line":30,"column":6},"end":{"line":30,"column":49}},"type":"binary-expr","locations":[{"start":{"line":30,"column":6},"end":{"line":30,"column":35}},{"start":{"line":30,"column":39},"end":{"line":30,"column":43}},{"start":{"line":30,"column":47},"end":{"line":30,"column":49}}]},"7":{"loc":{"start":{"line":40,"column":26},"end":{"line":40,"column":71}},"type":"binary-expr","locations":[{"start":{"line":40,"column":26},"end":{"line":40,"column":50}},{"start":{"line":40,"column":54},"end":{"line":40,"column":71}}]},"8":{"loc":{"start":{"line":46,"column":14},"end":{"line":46,"column":59}},"type":"binary-expr","locations":[{"start":{"line":46,"column":14},"end":{"line":46,"column":38}},{"start":{"line":46,"column":42},"end":{"line":46,"column":59}}]},"9":{"loc":{"start":{"line":68,"column":4},"end":{"line":70,"column":5}},"type":"if","locations":[{"start":{"line":68,"column":4},"end":{"line":70,"column":5}}]},"10":{"loc":{"start":{"line":83,"column":4},"end":{"line":85,"column":5}},"type":"if","locations":[{"start":{"line":83,"column":4},"end":{"line":85,"column":5}}]},"11":{"loc":{"start":{"line":88,"column":4},"end":{"line":91,"column":5}},"type":"if","locations":[{"start":{"line":88,"column":4},"end":{"line":91,"column":5}}]},"12":{"loc":{"start":{"line":96,"column":4},"end":{"line":98,"column":5}},"type":"if","locations":[{"start":{"line":96,"column":4},"end":{"line":98,"column":5}}]},"13":{"loc":{"start":{"line":103,"column":26},"end":{"line":103,"column":71}},"type":"binary-expr","locations":[{"start":{"line":103,"column":26},"end":{"line":103,"column":50}},{"start":{"line":103,"column":54},"end":{"line":103,"column":71}}]},"14":{"loc":{"start":{"line":106,"column":14},"end":{"line":106,"column":59}},"type":"binary-expr","locations":[{"start":{"line":106,"column":14},"end":{"line":106,"column":38}},{"start":{"line":106,"column":42},"end":{"line":106,"column":59}}]},"15":{"loc":{"start":{"line":129,"column":4},"end":{"line":131,"column":5}},"type":"if","locations":[{"start":{"line":129,"column":4},"end":{"line":131,"column":5}}]},"16":{"loc":{"start":{"line":137,"column":6},"end":{"line":137,"column":93}},"type":"cond-expr","locations":[{"start":{"line":137,"column":53},"end":{"line":137,"column":69}},{"start":{"line":137,"column":72},"end":{"line":137,"column":93}}]},"17":{"loc":{"start":{"line":137,"column":6},"end":{"line":137,"column":50}},"type":"binary-expr","locations":[{"start":{"line":137,"column":6},"end":{"line":137,"column":36}},{"start":{"line":137,"column":40},"end":{"line":137,"column":44}},{"start":{"line":137,"column":48},"end":{"line":137,"column":50}}]},"18":{"loc":{"start":{"line":138,"column":6},"end":{"line":138,"column":102}},"type":"cond-expr","locations":[{"start":{"line":138,"column":56},"end":{"line":138,"column":75}},{"start":{"line":138,"column":78},"end":{"line":138,"column":102}}]},"19":{"loc":{"start":{"line":138,"column":6},"end":{"line":138,"column":53}},"type":"binary-expr","locations":[{"start":{"line":138,"column":6},"end":{"line":138,"column":39}},{"start":{"line":138,"column":43},"end":{"line":138,"column":47}},{"start":{"line":138,"column":51},"end":{"line":138,"column":53}}]},"20":{"loc":{"start":{"line":139,"column":6},"end":{"line":139,"column":102}},"type":"cond-expr","locations":[{"start":{"line":139,"column":56},"end":{"line":139,"column":75}},{"start":{"line":139,"column":78},"end":{"line":139,"column":102}}]},"21":{"loc":{"start":{"line":139,"column":6},"end":{"line":139,"column":53}},"type":"binary-expr","locations":[{"start":{"line":139,"column":6},"end":{"line":139,"column":39}},{"start":{"line":139,"column":43},"end":{"line":139,"column":47}},{"start":{"line":139,"column":51},"end":{"line":139,"column":53}}]},"22":{"loc":{"start":{"line":149,"column":26},"end":{"line":149,"column":71}},"type":"binary-expr","locations":[{"start":{"line":149,"column":26},"end":{"line":149,"column":50}},{"start":{"line":149,"column":54},"end":{"line":149,"column":71}}]},"23":{"loc":{"start":{"line":155,"column":14},"end":{"line":155,"column":59}},"type":"binary-expr","locations":[{"start":{"line":155,"column":14},"end":{"line":155,"column":38}},{"start":{"line":155,"column":42},"end":{"line":155,"column":59}}]}},"s":{"0":1,"1":1,"2":1,"3":1,"4":1,"5":12,"6":12,"7":2,"8":2,"9":1,"10":1,"11":1,"12":1,"13":1,"14":1,"15":1,"16":1,"17":0,"18":0,"19":1,"20":1,"21":0,"22":1,"23":1,"24":5,"25":5,"26":1,"27":4,"28":1,"29":1,"30":3,"31":3,"32":1,"33":2,"34":2,"35":2,"36":2,"37":2,"38":0,"39":0,"40":2,"41":2,"42":1,"43":1,"44":1,"45":1,"46":1,"47":1,"48":1,"49":1,"50":1,"51":0,"52":0,"53":1,"54":1,"55":2,"56":1,"57":1},"f":{"0":12,"1":2,"2":1,"3":1,"4":5,"5":2,"6":1,"7":2},"b":{"0":[1],"1":[1,0],"2":[1,0,0],"3":[1,0],"4":[1,0,0],"5":[1,0],"6":[1,0,0],"7":[1,1],"8":[1,1],"9":[0],"10":[1],"11":[1],"12":[1],"13":[2,2],"14":[2,2],"15":[1],"16":[1,0],"17":[1,0,0],"18":[1,0],"19":[1,0,0],"20":[1,0],"21":[1,0,0],"22":[1,1],"23":[1,1]}}
,"C:\\Users\\alex shu\\Desktop\\myThings\\Project\\Uni\\PoC\\microservizi\\magazzino\\inventario\\src\\application\\saga-messages.service.ts": {"path":"C:\\Users\\alex shu\\Desktop\\myThings\\Project\\Uni\\PoC\\microservizi\\magazzino\\inventario\\src\\application\\saga-messages.service.ts","statementMap":{"0":{"start":{"line":3,"column":0},"end":{"line":3,"column":52}},"1":{"start":{"line":4,"column":0},"end":{"line":4,"column":106}},"2":{"start":{"line":5,"column":0},"end":{"line":5,"column":52}},"3":{"start":{"line":8,"column":7},"end":{"line":70,"column":null}},"4":{"start":{"line":10,"column":49},"end":{"line":10,"column":61}},"5":{"start":{"line":11,"column":56},"end":{"line":11,"column":77}},"6":{"start":{"line":16,"column":8},"end":{"line":21,"column":9}},"7":{"start":{"line":17,"column":36},"end":{"line":17,"column":87}},"8":{"start":{"line":18,"column":12},"end":{"line":20,"column":13}},"9":{"start":{"line":19,"column":16},"end":{"line":19,"column":42}},"10":{"start":{"line":23,"column":8},"end":{"line":30,"column":9}},"11":{"start":{"line":24,"column":36},"end":{"line":24,"column":87}},"12":{"start":{"line":25,"column":12},"end":{"line":29,"column":13}},"13":{"start":{"line":26,"column":16},"end":{"line":26,"column":65}},"14":{"start":{"line":27,"column":16},"end":{"line":27,"column":48}},"15":{"start":{"line":28,"column":16},"end":{"line":28,"column":103}},"16":{"start":{"line":31,"column":8},"end":{"line":31,"column":33}},"17":{"start":{"line":36,"column":8},"end":{"line":45,"column":9}},"18":{"start":{"line":37,"column":36},"end":{"line":37,"column":87}},"19":{"start":{"line":38,"column":12},"end":{"line":44,"column":13}},"20":{"start":{"line":39,"column":16},"end":{"line":39,"column":62}},"21":{"start":{"line":40,"column":16},"end":{"line":40,"column":48}},"22":{"start":{"line":41,"column":16},"end":{"line":41,"column":103}},"23":{"start":{"line":43,"column":16},"end":{"line":43,"column":42}},"24":{"start":{"line":46,"column":8},"end":{"line":46,"column":33}},"25":{"start":{"line":50,"column":26},"end":{"line":61,"column":10}},"26":{"start":{"line":64,"column":8},"end":{"line":68,"column":9}},"27":{"start":{"line":65,"column":12},"end":{"line":65,"column":59}},"28":{"start":{"line":67,"column":12},"end":{"line":67,"column":64}},"29":{"start":{"line":8,"column":13},"end":{"line":8,"column":32}},"30":{"start":{"line":8,"column":13},"end":{"line":70,"column":null}}},"fnMap":{"0":{"name":"(anonymous_4)","decl":{"start":{"line":9,"column":4},"end":{"line":9,"column":null}},"loc":{"start":{"line":11,"column":101},"end":{"line":12,"column":9}}},"1":{"name":"(anonymous_5)","decl":{"start":{"line":14,"column":4},"end":{"line":14,"column":9}},"loc":{"start":{"line":14,"column":48},"end":{"line":32,"column":5}}},"2":{"name":"(anonymous_6)","decl":{"start":{"line":34,"column":4},"end":{"line":34,"column":9}},"loc":{"start":{"line":34,"column":49},"end":{"line":47,"column":5}}},"3":{"name":"(anonymous_7)","decl":{"start":{"line":49,"column":12},"end":{"line":49,"column":17}},"loc":{"start":{"line":49,"column":59},"end":{"line":69,"column":5}}}},"branchMap":{"0":{"loc":{"start":{"line":18,"column":12},"end":{"line":20,"column":13}},"type":"if","locations":[{"start":{"line":18,"column":12},"end":{"line":20,"column":13}}]},"1":{"loc":{"start":{"line":18,"column":16},"end":{"line":18,"column":84}},"type":"binary-expr","locations":[{"start":{"line":18,"column":16},"end":{"line":18,"column":32}},{"start":{"line":18,"column":36},"end":{"line":18,"column":84}}]},"2":{"loc":{"start":{"line":25,"column":12},"end":{"line":29,"column":13}},"type":"if","locations":[{"start":{"line":25,"column":12},"end":{"line":29,"column":13}}]},"3":{"loc":{"start":{"line":38,"column":12},"end":{"line":44,"column":13}},"type":"if","locations":[{"start":{"line":38,"column":12},"end":{"line":44,"column":13}},{"start":{"line":42,"column":19},"end":{"line":44,"column":13}}]},"4":{"loc":{"start":{"line":54,"column":32},"end":{"line":54,"column":77}},"type":"binary-expr","locations":[{"start":{"line":54,"column":32},"end":{"line":54,"column":56}},{"start":{"line":54,"column":60},"end":{"line":54,"column":77}}]},"5":{"loc":{"start":{"line":60,"column":20},"end":{"line":60,"column":65}},"type":"binary-expr","locations":[{"start":{"line":60,"column":20},"end":{"line":60,"column":44}},{"start":{"line":60,"column":48},"end":{"line":60,"column":65}}]}},"s":{"0":0,"1":0,"2":0,"3":0,"4":0,"5":0,"6":0,"7":0,"8":0,"9":0,"10":0,"11":0,"12":0,"13":0,"14":0,"15":0,"16":0,"17":0,"18":0,"19":0,"20":0,"21":0,"22":0,"23":0,"24":0,"25":0,"26":0,"27":0,"28":0,"29":0,"30":0},"f":{"0":0,"1":0,"2":0,"3":0},"b":{"0":[0],"1":[0,0],"2":[0],"3":[0,0],"4":[0,0],"5":[0,0]}}
,"C:\\Users\\alex shu\\Desktop\\myThings\\Project\\Uni\\PoC\\microservizi\\magazzino\\inventario\\src\\domain\\core\\concreteProduct.ts": {"path":"C:\\Users\\alex shu\\Desktop\\myThings\\Project\\Uni\\PoC\\microservizi\\magazzino\\inventario\\src\\domain\\core\\concreteProduct.ts","statementMap":{"0":{"start":{"line":1,"column":0},"end":{"line":1,"column":36}},"1":{"start":{"line":12,"column":4},"end":{"line":12,"column":66}},"2":{"start":{"line":5,"column":12},"end":{"line":5,"column":22}},"3":{"start":{"line":6,"column":12},"end":{"line":6,"column":24}},"4":{"start":{"line":7,"column":12},"end":{"line":7,"column":29}},"5":{"start":{"line":8,"column":12},"end":{"line":8,"column":28}},"6":{"start":{"line":9,"column":12},"end":{"line":9,"column":31}},"7":{"start":{"line":10,"column":12},"end":{"line":10,"column":31}},"8":{"start":{"line":16,"column":4},"end":{"line":16,"column":94}},"9":{"start":{"line":16,"column":53},"end":{"line":16,"column":94}},"10":{"start":{"line":17,"column":4},"end":{"line":17,"column":30}},"11":{"start":{"line":21,"column":4},"end":{"line":21,"column":92}},"12":{"start":{"line":21,"column":53},"end":{"line":21,"column":92}},"13":{"start":{"line":22,"column":4},"end":{"line":22,"column":30}},"14":{"start":{"line":26,"column":4},"end":{"line":26,"column":80}},"15":{"start":{"line":26,"column":25},"end":{"line":26,"column":80}},"16":{"start":{"line":27,"column":4},"end":{"line":27,"column":35}},"17":{"start":{"line":31,"column":4},"end":{"line":33,"column":118}},"18":{"start":{"line":31,"column":25},"end":{"line":31,"column":80}},"19":{"start":{"line":32,"column":9},"end":{"line":33,"column":118}},"20":{"start":{"line":32,"column":42},"end":{"line":32,"column":115}},"21":{"start":{"line":33,"column":9},"end":{"line":33,"column":118}},"22":{"start":{"line":33,"column":45},"end":{"line":33,"column":118}},"23":{"start":{"line":34,"column":4},"end":{"line":34,"column":35}},"24":{"start":{"line":38,"column":4},"end":{"line":38,"column":19}},"25":{"start":{"line":42,"column":4},"end":{"line":42,"column":21}},"26":{"start":{"line":46,"column":4},"end":{"line":46,"column":26}},"27":{"start":{"line":50,"column":4},"end":{"line":50,"column":25}},"28":{"start":{"line":54,"column":4},"end":{"line":54,"column":28}},"29":{"start":{"line":58,"column":4},"end":{"line":58,"column":28}},"30":{"start":{"line":3,"column":0},"end":{"line":3,"column":13}}},"fnMap":{"0":{"name":"(anonymous_0)","decl":{"start":{"line":4,"column":2},"end":{"line":4,"column":null}},"loc":{"start":{"line":10,"column":31},"end":{"line":13,"column":3}}},"1":{"name":"(anonymous_1)","decl":{"start":{"line":15,"column":2},"end":{"line":15,"column":13}},"loc":{"start":{"line":15,"column":30},"end":{"line":18,"column":3}}},"2":{"name":"(anonymous_2)","decl":{"start":{"line":20,"column":2},"end":{"line":20,"column":16}},"loc":{"start":{"line":20,"column":33},"end":{"line":23,"column":3}}},"3":{"name":"(anonymous_3)","decl":{"start":{"line":25,"column":2},"end":{"line":25,"column":17}},"loc":{"start":{"line":25,"column":37},"end":{"line":28,"column":3}}},"4":{"name":"(anonymous_4)","decl":{"start":{"line":30,"column":2},"end":{"line":30,"column":17}},"loc":{"start":{"line":30,"column":37},"end":{"line":35,"column":3}}},"5":{"name":"(anonymous_5)","decl":{"start":{"line":37,"column":2},"end":{"line":37,"column":7}},"loc":{"start":{"line":37,"column":7},"end":{"line":39,"column":3}}},"6":{"name":"(anonymous_6)","decl":{"start":{"line":41,"column":2},"end":{"line":41,"column":9}},"loc":{"start":{"line":41,"column":9},"end":{"line":43,"column":3}}},"7":{"name":"(anonymous_7)","decl":{"start":{"line":45,"column":2},"end":{"line":45,"column":14}},"loc":{"start":{"line":45,"column":14},"end":{"line":47,"column":3}}},"8":{"name":"(anonymous_8)","decl":{"start":{"line":49,"column":2},"end":{"line":49,"column":13}},"loc":{"start":{"line":49,"column":13},"end":{"line":51,"column":3}}},"9":{"name":"(anonymous_9)","decl":{"start":{"line":53,"column":2},"end":{"line":53,"column":16}},"loc":{"start":{"line":53,"column":16},"end":{"line":55,"column":3}}},"10":{"name":"(anonymous_10)","decl":{"start":{"line":57,"column":2},"end":{"line":57,"column":16}},"loc":{"start":{"line":57,"column":16},"end":{"line":59,"column":3}}}},"branchMap":{"0":{"loc":{"start":{"line":16,"column":4},"end":{"line":16,"column":94}},"type":"if","locations":[{"start":{"line":16,"column":4},"end":{"line":16,"column":94}}]},"1":{"loc":{"start":{"line":21,"column":4},"end":{"line":21,"column":92}},"type":"if","locations":[{"start":{"line":21,"column":4},"end":{"line":21,"column":92}}]},"2":{"loc":{"start":{"line":26,"column":4},"end":{"line":26,"column":80}},"type":"if","locations":[{"start":{"line":26,"column":4},"end":{"line":26,"column":80}}]},"3":{"loc":{"start":{"line":31,"column":4},"end":{"line":33,"column":118}},"type":"if","locations":[{"start":{"line":31,"column":4},"end":{"line":33,"column":118}},{"start":{"line":32,"column":9},"end":{"line":33,"column":118}}]},"4":{"loc":{"start":{"line":32,"column":9},"end":{"line":33,"column":118}},"type":"if","locations":[{"start":{"line":32,"column":9},"end":{"line":33,"column":118}},{"start":{"line":33,"column":9},"end":{"line":33,"column":118}}]},"5":{"loc":{"start":{"line":33,"column":9},"end":{"line":33,"column":118}},"type":"if","locations":[{"start":{"line":33,"column":9},"end":{"line":33,"column":118}}]}},"s":{"0":1,"1":5,"2":5,"3":5,"4":5,"5":5,"6":5,"7":5,"8":0,"9":0,"10":0,"11":0,"12":0,"13":0,"14":0,"15":0,"16":0,"17":0,"18":0,"19":0,"20":0,"21":0,"22":0,"23":0,"24":2,"25":2,"26":2,"27":2,"28":2,"29":2,"30":1},"f":{"0":5,"1":0,"2":0,"3":0,"4":0,"5":2,"6":2,"7":2,"8":2,"9":2,"10":2},"b":{"0":[0],"1":[0],"2":[0],"3":[0,0],"4":[0,0],"5":[0]}}
,"C:\\Users\\alex shu\\Desktop\\myThings\\Project\\Uni\\PoC\\microservizi\\magazzino\\inventario\\src\\domain\\core\\product.ts": {"path":"C:\\Users\\alex shu\\Desktop\\myThings\\Project\\Uni\\PoC\\microservizi\\magazzino\\inventario\\src\\domain\\core\\product.ts","statementMap":{"0":{"start":{"line":1,"column":0},"end":{"line":1,"column":13}}},"fnMap":{"0":{"name":"(anonymous_0)","decl":{"start":{"line":2,"column":4},"end":{"line":2,"column":null}},"loc":{"start":{"line":8,"column":27},"end":{"line":9,"column":9}}}},"branchMap":{},"s":{"0":1},"f":{"0":5},"b":{}}
,"C:\\Users\\alex shu\\Desktop\\myThings\\Project\\Uni\\PoC\\microservizi\\magazzino\\inventario\\src\\infrastructure\\adapters\\mongo_db\\inventory.repository.impl.ts": {"path":"C:\\Users\\alex shu\\Desktop\\myThings\\Project\\Uni\\PoC\\microservizi\\magazzino\\inventario\\src\\infrastructure\\adapters\\mongo_db\\inventory.repository.impl.ts","statementMap":{"0":{"start":{"line":1,"column":0},"end":{"line":1,"column":47}},"1":{"start":{"line":2,"column":0},"end":{"line":2,"column":33}},"2":{"start":{"line":4,"column":0},"end":{"line":4,"column":71}},"3":{"start":{"line":5,"column":0},"end":{"line":5,"column":83}},"4":{"start":{"line":6,"column":0},"end":{"line":6,"column":44}},"5":{"start":{"line":11,"column":7},"end":{"line":80,"column":null}},"6":{"start":{"line":13,"column":55},"end":{"line":13,"column":71}},"7":{"start":{"line":17,"column":17},"end":{"line":17,"column":56}},"8":{"start":{"line":18,"column":4},"end":{"line":18,"column":47}},"9":{"start":{"line":18,"column":27},"end":{"line":18,"column":45}},"10":{"start":{"line":22,"column":19},"end":{"line":22,"column":71}},"11":{"start":{"line":23,"column":4},"end":{"line":25,"column":5}},"12":{"start":{"line":24,"column":6},"end":{"line":24,"column":18}},"13":{"start":{"line":26,"column":4},"end":{"line":33,"column":7}},"14":{"start":{"line":37,"column":17},"end":{"line":37,"column":56}},"15":{"start":{"line":38,"column":4},"end":{"line":38,"column":62}},"16":{"start":{"line":38,"column":38},"end":{"line":38,"column":57}},"17":{"start":{"line":42,"column":23},"end":{"line":42,"column":55}},"18":{"start":{"line":43,"column":4},"end":{"line":43,"column":29}},"19":{"start":{"line":47,"column":19},"end":{"line":47,"column":66}},"20":{"start":{"line":48,"column":4},"end":{"line":48,"column":35}},"21":{"start":{"line":52,"column":20},"end":{"line":52,"column":65}},"22":{"start":{"line":54,"column":4},"end":{"line":56,"column":5}},"23":{"start":{"line":55,"column":6},"end":{"line":55,"column":18}},"24":{"start":{"line":58,"column":4},"end":{"line":64,"column":6}},"25":{"start":{"line":70,"column":4},"end":{"line":77,"column":7}},"26":{"start":{"line":11,"column":13},"end":{"line":11,"column":37}},"27":{"start":{"line":11,"column":13},"end":{"line":80,"column":null}}},"fnMap":{"0":{"name":"(anonymous_4)","decl":{"start":{"line":12,"column":2},"end":{"line":12,"column":null}},"loc":{"start":{"line":13,"column":95},"end":{"line":14,"column":7}}},"1":{"name":"(anonymous_5)","decl":{"start":{"line":16,"column":2},"end":{"line":16,"column":7}},"loc":{"start":{"line":16,"column":15},"end":{"line":19,"column":3}}},"2":{"name":"(anonymous_6)","decl":{"start":{"line":18,"column":20},"end":{"line":18,"column":23}},"loc":{"start":{"line":18,"column":27},"end":{"line":18,"column":45}}},"3":{"name":"(anonymous_7)","decl":{"start":{"line":21,"column":2},"end":{"line":21,"column":7}},"loc":{"start":{"line":21,"column":27},"end":{"line":34,"column":3}}},"4":{"name":"(anonymous_8)","decl":{"start":{"line":36,"column":2},"end":{"line":36,"column":7}},"loc":{"start":{"line":36,"column":24},"end":{"line":39,"column":3}}},"5":{"name":"(anonymous_9)","decl":{"start":{"line":38,"column":23},"end":{"line":38,"column":24}},"loc":{"start":{"line":38,"column":38},"end":{"line":38,"column":57}}},"6":{"name":"(anonymous_10)","decl":{"start":{"line":41,"column":2},"end":{"line":41,"column":7}},"loc":{"start":{"line":41,"column":43},"end":{"line":44,"column":3}}},"7":{"name":"(anonymous_11)","decl":{"start":{"line":46,"column":2},"end":{"line":46,"column":7}},"loc":{"start":{"line":46,"column":29},"end":{"line":49,"column":3}}},"8":{"name":"(anonymous_12)","decl":{"start":{"line":51,"column":2},"end":{"line":51,"column":7}},"loc":{"start":{"line":51,"column":65},"end":{"line":65,"column":3}}},"9":{"name":"(anonymous_13)","decl":{"start":{"line":69,"column":10},"end":{"line":69,"column":18}},"loc":{"start":{"line":69,"column":41},"end":{"line":78,"column":3}}}},"branchMap":{"0":{"loc":{"start":{"line":23,"column":4},"end":{"line":25,"column":5}},"type":"if","locations":[{"start":{"line":23,"column":4},"end":{"line":25,"column":5}}]},"1":{"loc":{"start":{"line":54,"column":4},"end":{"line":56,"column":5}},"type":"if","locations":[{"start":{"line":54,"column":4},"end":{"line":56,"column":5}}]}},"s":{"0":1,"1":1,"2":1,"3":1,"4":1,"5":1,"6":0,"7":0,"8":0,"9":0,"10":0,"11":0,"12":0,"13":0,"14":0,"15":0,"16":0,"17":0,"18":0,"19":0,"20":0,"21":0,"22":0,"23":0,"24":0,"25":0,"26":1,"27":1},"f":{"0":0,"1":0,"2":0,"3":0,"4":0,"5":0,"6":0,"7":0,"8":0,"9":0},"b":{"0":[0],"1":[0]}}
,"C:\\Users\\alex shu\\Desktop\\myThings\\Project\\Uni\\PoC\\microservizi\\magazzino\\inventario\\src\\infrastructure\\adapters\\mongo_db\\mongo.module.ts": {"path":"C:\\Users\\alex shu\\Desktop\\myThings\\Project\\Uni\\PoC\\microservizi\\magazzino\\inventario\\src\\infrastructure\\adapters\\mongo_db\\mongo.module.ts","statementMap":{"0":{"start":{"line":1,"column":0},"end":{"line":1,"column":40}},"1":{"start":{"line":2,"column":0},"end":{"line":2,"column":50}},"2":{"start":{"line":3,"column":0},"end":{"line":3,"column":46}},"3":{"start":{"line":4,"column":0},"end":{"line":4,"column":99}},"4":{"start":{"line":5,"column":0},"end":{"line":5,"column":71}},"5":{"start":{"line":22,"column":7},"end":{"line":22,"column":null}},"6":{"start":{"line":22,"column":13},"end":{"line":22,"column":24}},"7":{"start":{"line":22,"column":13},"end":{"line":22,"column":null}}},"fnMap":{},"branchMap":{"0":{"loc":{"start":{"line":10,"column":31},"end":{"line":10,"column":89}},"type":"binary-expr","locations":[{"start":{"line":10,"column":31},"end":{"line":10,"column":52}},{"start":{"line":10,"column":56},"end":{"line":10,"column":89}}]}},"s":{"0":0,"1":0,"2":0,"3":0,"4":0,"5":0,"6":0,"7":0},"f":{},"b":{"0":[0,0]}}
,"C:\\Users\\alex shu\\Desktop\\myThings\\Project\\Uni\\PoC\\microservizi\\magazzino\\inventario\\src\\infrastructure\\schemas\\inventory.schema.ts": {"path":"C:\\Users\\alex shu\\Desktop\\myThings\\Project\\Uni\\PoC\\microservizi\\magazzino\\inventario\\src\\infrastructure\\schemas\\inventory.schema.ts","statementMap":{"0":{"start":{"line":1,"column":0},"end":{"line":1,"column":63}},"1":{"start":{"line":7,"column":7},"end":{"line":25,"column":null}},"2":{"start":{"line":7,"column":13},"end":{"line":7,"column":27}},"3":{"start":{"line":9,"column":2},"end":{"line":9,"column":null}},"4":{"start":{"line":12,"column":2},"end":{"line":12,"column":null}},"5":{"start":{"line":15,"column":2},"end":{"line":15,"column":null}},"6":{"start":{"line":18,"column":2},"end":{"line":18,"column":null}},"7":{"start":{"line":21,"column":2},"end":{"line":21,"column":null}},"8":{"start":{"line":24,"column":2},"end":{"line":24,"column":null}},"9":{"start":{"line":7,"column":13},"end":{"line":25,"column":null}},"10":{"start":{"line":27,"column":13},"end":{"line":27,"column":76}}},"fnMap":{},"branchMap":{},"s":{"0":1,"1":1,"2":1,"3":1,"4":1,"5":1,"6":1,"7":1,"8":1,"9":1,"10":1},"f":{},"b":{}}
,"C:\\Users\\alex shu\\Desktop\\myThings\\Project\\Uni\\PoC\\microservizi\\magazzino\\inventario\\src\\interfaces\\http\\app.controller.ts": {"path":"C:\\Users\\alex shu\\Desktop\\myThings\\Project\\Uni\\PoC\\microservizi\\magazzino\\inventario\\src\\interfaces\\http\\app.controller.ts","statementMap":{"0":{"start":{"line":1,"column":0},"end":{"line":1,"column":null}},"1":{"start":{"line":9,"column":0},"end":{"line":9,"column":64}},"2":{"start":{"line":10,"column":0},"end":{"line":10,"column":47}},"3":{"start":{"line":12,"column":0},"end":{"line":12,"column":83}},"4":{"start":{"line":13,"column":0},"end":{"line":13,"column":53}},"5":{"start":{"line":14,"column":0},"end":{"line":14,"column":37}},"6":{"start":{"line":15,"column":0},"end":{"line":15,"column":55}},"7":{"start":{"line":17,"column":13},"end":{"line":17,"column":32}},"8":{"start":{"line":20,"column":7},"end":{"line":116,"column":null}},"9":{"start":{"line":21,"column":31},"end":{"line":21,"column":49}},"10":{"start":{"line":33,"column":26},"end":{"line":33,"column":64}},"11":{"start":{"line":34,"column":4},"end":{"line":34,"column":102}},"12":{"start":{"line":44,"column":4},"end":{"line":48,"column":5}},"13":{"start":{"line":45,"column":6},"end":{"line":45,"column":64}},"14":{"start":{"line":47,"column":6},"end":{"line":47,"column":56}},"15":{"start":{"line":56,"column":4},"end":{"line":61,"column":5}},"16":{"start":{"line":57,"column":20},"end":{"line":57,"column":62}},"17":{"start":{"line":58,"column":6},"end":{"line":58,"column":29}},"18":{"start":{"line":60,"column":6},"end":{"line":60,"column":56}},"19":{"start":{"line":74,"column":4},"end":{"line":74,"column":88}},"20":{"start":{"line":75,"column":4},"end":{"line":80,"column":5}},"21":{"start":{"line":76,"column":6},"end":{"line":76,"column":57}},"22":{"start":{"line":77,"column":6},"end":{"line":77,"column":98}},"23":{"start":{"line":79,"column":6},"end":{"line":79,"column":56}},"24":{"start":{"line":88,"column":4},"end":{"line":88,"column":90}},"25":{"start":{"line":90,"column":4},"end":{"line":98,"column":5}},"26":{"start":{"line":91,"column":6},"end":{"line":91,"column":55}},"27":{"start":{"line":92,"column":6},"end":{"line":95,"column":8}},"28":{"start":{"line":97,"column":6},"end":{"line":97,"column":64}},"29":{"start":{"line":106,"column":4},"end":{"line":114,"column":5}},"30":{"start":{"line":107,"column":6},"end":{"line":107,"column":52}},"31":{"start":{"line":108,"column":6},"end":{"line":111,"column":8}},"32":{"start":{"line":113,"column":6},"end":{"line":113,"column":56}},"33":{"start":{"line":20,"column":13},"end":{"line":20,"column":26}},"34":{"start":{"line":32,"column":8},"end":{"line":35,"column":null}},"35":{"start":{"line":43,"column":8},"end":{"line":49,"column":null}},"36":{"start":{"line":55,"column":8},"end":{"line":62,"column":null}},"37":{"start":{"line":73,"column":8},"end":{"line":81,"column":null}},"38":{"start":{"line":87,"column":8},"end":{"line":99,"column":null}},"39":{"start":{"line":105,"column":8},"end":{"line":115,"column":null}},"40":{"start":{"line":20,"column":13},"end":{"line":116,"column":null}}},"fnMap":{"0":{"name":"(anonymous_4)","decl":{"start":{"line":21,"column":2},"end":{"line":21,"column":31}},"loc":{"start":{"line":21,"column":72},"end":{"line":21,"column":76}}},"1":{"name":"(anonymous_5)","decl":{"start":{"line":32,"column":2},"end":{"line":32,"column":7}},"loc":{"start":{"line":32,"column":15},"end":{"line":35,"column":3}}},"2":{"name":"(anonymous_6)","decl":{"start":{"line":43,"column":2},"end":{"line":43,"column":7}},"loc":{"start":{"line":43,"column":46},"end":{"line":49,"column":3}}},"3":{"name":"(anonymous_7)","decl":{"start":{"line":55,"column":2},"end":{"line":55,"column":7}},"loc":{"start":{"line":55,"column":20},"end":{"line":62,"column":3}}},"4":{"name":"(anonymous_8)","decl":{"start":{"line":73,"column":2},"end":{"line":73,"column":7}},"loc":{"start":{"line":73,"column":55},"end":{"line":81,"column":3}}},"5":{"name":"(anonymous_9)","decl":{"start":{"line":87,"column":2},"end":{"line":87,"column":7}},"loc":{"start":{"line":87,"column":45},"end":{"line":99,"column":3}}},"6":{"name":"(anonymous_10)","decl":{"start":{"line":105,"column":2},"end":{"line":105,"column":7}},"loc":{"start":{"line":105,"column":51},"end":{"line":115,"column":3}}}},"branchMap":{},"s":{"0":0,"1":0,"2":0,"3":0,"4":0,"5":0,"6":0,"7":0,"8":0,"9":0,"10":0,"11":0,"12":0,"13":0,"14":0,"15":0,"16":0,"17":0,"18":0,"19":0,"20":0,"21":0,"22":0,"23":0,"24":0,"25":0,"26":0,"27":0,"28":0,"29":0,"30":0,"31":0,"32":0,"33":0,"34":0,"35":0,"36":0,"37":0,"38":0,"39":0,"40":0},"f":{"0":0,"1":0,"2":0,"3":0,"4":0,"5":0,"6":0},"b":{}}
,"C:\\Users\\alex shu\\Desktop\\myThings\\Project\\Uni\\PoC\\microservizi\\magazzino\\inventario\\src\\interfaces\\http\\dto\\addProduct.dto.ts": {"path":"C:\\Users\\alex shu\\Desktop\\myThings\\Project\\Uni\\PoC\\microservizi\\magazzino\\inventario\\src\\interfaces\\http\\dto\\addProduct.dto.ts","statementMap":{"0":{"start":{"line":1,"column":0},"end":{"line":1,"column":89}},"1":{"start":{"line":3,"column":0},"end":{"line":3,"column":13}},"2":{"start":{"line":8,"column":4},"end":{"line":8,"column":null}},"3":{"start":{"line":12,"column":4},"end":{"line":12,"column":null}},"4":{"start":{"line":17,"column":4},"end":{"line":17,"column":null}},"5":{"start":{"line":22,"column":4},"end":{"line":22,"column":null}},"6":{"start":{"line":27,"column":4},"end":{"line":27,"column":null}},"7":{"start":{"line":32,"column":4},"end":{"line":32,"column":null}}},"fnMap":{},"branchMap":{},"s":{"0":0,"1":0,"2":0,"3":0,"4":0,"5":0,"6":0,"7":0},"f":{},"b":{}}
,"C:\\Users\\alex shu\\Desktop\\myThings\\Project\\Uni\\PoC\\microservizi\\magazzino\\inventario\\src\\interfaces\\http\\dto\\checkProduct.dto.ts": {"path":"C:\\Users\\alex shu\\Desktop\\myThings\\Project\\Uni\\PoC\\microservizi\\magazzino\\inventario\\src\\interfaces\\http\\dto\\checkProduct.dto.ts","statementMap":{"0":{"start":{"line":1,"column":0},"end":{"line":1,"column":57}},"1":{"start":{"line":3,"column":0},"end":{"line":3,"column":13}},"2":{"start":{"line":8,"column":4},"end":{"line":8,"column":null}},"3":{"start":{"line":13,"column":4},"end":{"line":13,"column":null}}},"fnMap":{},"branchMap":{},"s":{"0":0,"1":0,"2":0,"3":0},"f":{},"b":{}}
,"C:\\Users\\alex shu\\Desktop\\myThings\\Project\\Uni\\PoC\\microservizi\\magazzino\\inventario\\src\\interfaces\\http\\dto\\editProduct.dto.ts": {"path":"C:\\Users\\alex shu\\Desktop\\myThings\\Project\\Uni\\PoC\\microservizi\\magazzino\\inventario\\src\\interfaces\\http\\dto\\editProduct.dto.ts","statementMap":{"0":{"start":{"line":1,"column":0},"end":{"line":1,"column":69}},"1":{"start":{"line":3,"column":0},"end":{"line":3,"column":13}},"2":{"start":{"line":8,"column":4},"end":{"line":8,"column":null}},"3":{"start":{"line":13,"column":4},"end":{"line":13,"column":null}},"4":{"start":{"line":18,"column":4},"end":{"line":18,"column":null}},"5":{"start":{"line":23,"column":4},"end":{"line":23,"column":null}}},"fnMap":{},"branchMap":{},"s":{"0":0,"1":0,"2":0,"3":0,"4":0,"5":0},"f":{},"b":{}}
,"C:\\Users\\alex shu\\Desktop\\myThings\\Project\\Uni\\PoC\\microservizi\\magazzino\\inventario\\src\\interfaces\\http\\dto\\id.dto.ts": {"path":"C:\\Users\\alex shu\\Desktop\\myThings\\Project\\Uni\\PoC\\microservizi\\magazzino\\inventario\\src\\interfaces\\http\\dto\\id.dto.ts","statementMap":{"0":{"start":{"line":1,"column":0},"end":{"line":1,"column":41}},"1":{"start":{"line":2,"column":0},"end":{"line":2,"column":57}},"2":{"start":{"line":4,"column":0},"end":{"line":4,"column":13}},"3":{"start":{"line":9,"column":4},"end":{"line":9,"column":null}},"4":{"start":{"line":5,"column":16},"end":{"line":5,"column":22}}},"fnMap":{"0":{"name":"(anonymous_2)","decl":{"start":{"line":5,"column":10},"end":{"line":5,"column":13}},"loc":{"start":{"line":5,"column":16},"end":{"line":5,"column":22}}}},"branchMap":{},"s":{"0":0,"1":0,"2":0,"3":0,"4":0},"f":{"0":0},"b":{}}
,"C:\\Users\\alex shu\\Desktop\\myThings\\Project\\Uni\\PoC\\microservizi\\magazzino\\inventario\\src\\interfaces\\http\\saga-messages\\saga-messages.controller.ts": {"path":"C:\\Users\\alex shu\\Desktop\\myThings\\Project\\Uni\\PoC\\microservizi\\magazzino\\inventario\\src\\interfaces\\http\\saga-messages\\saga-messages.controller.ts","statementMap":{"0":{"start":{"line":1,"column":0},"end":{"line":1,"column":44}},"1":{"start":{"line":2,"column":0},"end":{"line":2,"column":81}},"2":{"start":{"line":3,"column":0},"end":{"line":3,"column":64}},"3":{"start":{"line":4,"column":0},"end":{"line":4,"column":58}},"4":{"start":{"line":7,"column":7},"end":{"line":31,"column":null}},"5":{"start":{"line":8,"column":31},"end":{"line":8,"column":52}},"6":{"start":{"line":13,"column":4},"end":{"line":17,"column":5}},"7":{"start":{"line":14,"column":6},"end":{"line":14,"column":95}},"8":{"start":{"line":14,"column":51},"end":{"line":14,"column":93}},"9":{"start":{"line":16,"column":6},"end":{"line":16,"column":72}},"10":{"start":{"line":18,"column":4},"end":{"line":18,"column":67}},"11":{"start":{"line":24,"column":4},"end":{"line":28,"column":5}},"12":{"start":{"line":25,"column":6},"end":{"line":25,"column":95}},"13":{"start":{"line":25,"column":51},"end":{"line":25,"column":93}},"14":{"start":{"line":27,"column":6},"end":{"line":27,"column":72}},"15":{"start":{"line":29,"column":4},"end":{"line":29,"column":68}},"16":{"start":{"line":7,"column":13},"end":{"line":7,"column":35}},"17":{"start":{"line":11,"column":8},"end":{"line":19,"column":null}},"18":{"start":{"line":22,"column":8},"end":{"line":30,"column":null}},"19":{"start":{"line":7,"column":13},"end":{"line":31,"column":null}}},"fnMap":{"0":{"name":"(anonymous_4)","decl":{"start":{"line":8,"column":2},"end":{"line":8,"column":31}},"loc":{"start":{"line":8,"column":71},"end":{"line":8,"column":75}}},"1":{"name":"(anonymous_5)","decl":{"start":{"line":11,"column":2},"end":{"line":11,"column":7}},"loc":{"start":{"line":11,"column":43},"end":{"line":19,"column":3}}},"2":{"name":"(anonymous_6)","decl":{"start":{"line":14,"column":36},"end":{"line":14,"column":37}},"loc":{"start":{"line":14,"column":51},"end":{"line":14,"column":93}}},"3":{"name":"(anonymous_7)","decl":{"start":{"line":22,"column":2},"end":{"line":22,"column":7}},"loc":{"start":{"line":22,"column":44},"end":{"line":30,"column":3}}},"4":{"name":"(anonymous_8)","decl":{"start":{"line":25,"column":36},"end":{"line":25,"column":37}},"loc":{"start":{"line":25,"column":51},"end":{"line":25,"column":93}}}},"branchMap":{"0":{"loc":{"start":{"line":13,"column":4},"end":{"line":17,"column":5}},"type":"if","locations":[{"start":{"line":13,"column":4},"end":{"line":17,"column":5}},{"start":{"line":15,"column":11},"end":{"line":17,"column":5}}]},"1":{"loc":{"start":{"line":24,"column":4},"end":{"line":28,"column":5}},"type":"if","locations":[{"start":{"line":24,"column":4},"end":{"line":28,"column":5}},{"start":{"line":26,"column":11},"end":{"line":28,"column":5}}]}},"s":{"0":0,"1":0,"2":0,"3":0,"4":0,"5":0,"6":0,"7":0,"8":0,"9":0,"10":0,"11":0,"12":0,"13":0,"14":0,"15":0,"16":0,"17":0,"18":0,"19":0},"f":{"0":0,"1":0,"2":0,"3":0,"4":0},"b":{"0":[0,0],"1":[0,0]}}
,"C:\\Users\\alex shu\\Desktop\\myThings\\Project\\Uni\\PoC\\microservizi\\magazzino\\inventario\\src\\interfaces\\http\\saga-messages\\saga-messages.module.ts": {"path":"C:\\Users\\alex shu\\Desktop\\myThings\\Project\\Uni\\PoC\\microservizi\\magazzino\\inventario\\src\\interfaces\\http\\saga-messages\\saga-messages.module.ts","statementMap":{"0":{"start":{"line":1,"column":0},"end":{"line":1,"column":40}},"1":{"start":{"line":2,"column":0},"end":{"line":2,"column":81}},"2":{"start":{"line":3,"column":0},"end":{"line":3,"column":68}},"3":{"start":{"line":5,"column":0},"end":{"line":5,"column":80}},"4":{"start":{"line":6,"column":0},"end":{"line":6,"column":70}},"5":{"start":{"line":18,"column":7},"end":{"line":18,"column":null}},"6":{"start":{"line":18,"column":13},"end":{"line":18,"column":31}},"7":{"start":{"line":18,"column":13},"end":{"line":18,"column":null}}},"fnMap":{},"branchMap":{},"s":{"0":0,"1":0,"2":0,"3":0,"4":0,"5":0,"6":0,"7":0},"f":{},"b":{}}
,"C:\\Users\\alex shu\\Desktop\\myThings\\Project\\Uni\\PoC\\microservizi\\magazzino\\inventario\\src\\nats-client\\nats-client.module.ts": {"path":"C:\\Users\\alex shu\\Desktop\\myThings\\Project\\Uni\\PoC\\microservizi\\magazzino\\inventario\\src\\nats-client\\nats-client.module.ts","statementMap":{"0":{"start":{"line":1,"column":0},"end":{"line":1,"column":40}},"1":{"start":{"line":2,"column":0},"end":{"line":2,"column":65}},"2":{"start":{"line":23,"column":7},"end":{"line":23,"column":null}},"3":{"start":{"line":23,"column":13},"end":{"line":23,"column":29}},"4":{"start":{"line":23,"column":13},"end":{"line":23,"column":null}}},"fnMap":{},"branchMap":{"0":{"loc":{"start":{"line":13,"column":20},"end":{"line":13,"column":57}},"type":"binary-expr","locations":[{"start":{"line":13,"column":20},"end":{"line":13,"column":40}},{"start":{"line":13,"column":44},"end":{"line":13,"column":57}}]}},"s":{"0":0,"1":0,"2":0,"3":0,"4":0},"f":{},"b":{"0":[0,0]}}
}
