TN:
SF:src\app.module.ts
FNF:0
FNH:0
DA:1,0
DA:2,0
DA:4,0
DA:6,0
DA:8,0
DA:9,0
DA:10,0
DA:11,0
DA:26,0
LF:9
LH:0
BRF:0
BRH:0
end_of_record
TN:
SF:src\main.ts
FN:6,bootstrap
FNF:1
FNH:0
FNDA:0,bootstrap
DA:1,0
DA:2,0
DA:3,0
DA:4,0
DA:7,0
DA:8,0
DA:10,0
DA:17,0
DA:18,0
DA:20,0
LF:10
LH:0
BRDA:13,0,0,0
BRDA:13,0,1,0
BRDA:18,1,0,0
BRDA:18,1,1,0
BRF:4
BRH:0
end_of_record
TN:
SF:src\application\bootstrap.module.ts
FN:16,(anonymous_4)
FN:20,(anonymous_5)
FN:25,(anonymous_6)
FNF:3
FNH:0
FNDA:0,(anonymous_4)
FNDA:0,(anonymous_5)
FNDA:0,(anonymous_6)
DA:1,0
DA:2,0
DA:3,0
DA:4,0
DA:5,0
DA:15,0
DA:17,0
DA:18,0
DA:21,0
DA:22,0
DA:27,0
DA:28,0
DA:30,0
DA:43,0
DA:44,0
DA:45,0
DA:47,0
DA:48,0
LF:18
LH:0
BRDA:34,0,0,0
BRDA:34,0,1,0
BRDA:40,1,0,0
BRDA:40,1,1,0
BRF:4
BRH:0
end_of_record
TN:
SF:src\application\inventoryHandler.service.ts
FN:12,(anonymous_4)
FN:17,(anonymous_5)
FN:65,(anonymous_6)
FN:75,(anonymous_7)
FN:79,(anonymous_8)
FN:126,(anonymous_9)
FN:169,(anonymous_10)
FN:171,(anonymous_11)
FNF:8
FNH:8
FNDA:12,(anonymous_4)
FNDA:2,(anonymous_5)
FNDA:1,(anonymous_6)
FNDA:1,(anonymous_7)
FNDA:5,(anonymous_8)
FNDA:2,(anonymous_9)
FNDA:1,(anonymous_10)
FNDA:2,(anonymous_11)
DA:1,1
DA:2,1
DA:3,1
DA:7,1
DA:11,1
DA:13,12
DA:14,12
DA:18,2
DA:20,2
DA:21,1
DA:24,1
DA:33,1
DA:36,1
DA:49,1
DA:56,1
DA:57,1
DA:58,1
DA:60,0
DA:61,0
DA:66,1
DA:68,1
DA:69,0
DA:72,1
DA:76,1
DA:81,5
DA:83,5
DA:84,1
DA:88,4
DA:89,1
DA:90,1
DA:94,3
DA:96,3
DA:97,1
DA:101,2
DA:109,2
DA:117,2
DA:118,2
DA:119,2
DA:121,0
DA:122,0
DA:127,2
DA:129,2
DA:130,1
DA:133,1
DA:142,1
DA:145,1
DA:157,1
DA:158,1
DA:159,1
DA:160,1
DA:162,1
DA:164,0
DA:165,0
DA:170,1
DA:171,2
LF:55
LH:48
BRDA:20,0,0,1
BRDA:28,1,0,1
BRDA:28,1,1,0
BRDA:28,2,0,1
BRDA:28,2,1,0
BRDA:28,2,2,0
BRDA:29,3,0,1
BRDA:29,3,1,0
BRDA:29,4,0,1
BRDA:29,4,1,0
BRDA:29,4,2,0
BRDA:30,5,0,1
BRDA:30,5,1,0
BRDA:30,6,0,1
BRDA:30,6,1,0
BRDA:30,6,2,0
BRDA:40,7,0,1
BRDA:40,7,1,1
BRDA:46,8,0,1
BRDA:46,8,1,1
BRDA:68,9,0,0
BRDA:83,10,0,1
BRDA:88,11,0,1
BRDA:96,12,0,1
BRDA:103,13,0,2
BRDA:103,13,1,2
BRDA:106,14,0,2
BRDA:106,14,1,2
BRDA:129,15,0,1
BRDA:137,16,0,1
BRDA:137,16,1,0
BRDA:137,17,0,1
BRDA:137,17,1,0
BRDA:137,17,2,0
BRDA:138,18,0,1
BRDA:138,18,1,0
BRDA:138,19,0,1
BRDA:138,19,1,0
BRDA:138,19,2,0
BRDA:139,20,0,1
BRDA:139,20,1,0
BRDA:139,21,0,1
BRDA:139,21,1,0
BRDA:139,21,2,0
BRDA:149,22,0,1
BRDA:149,22,1,1
BRDA:155,23,0,1
BRDA:155,23,1,1
BRF:48
BRH:29
end_of_record
TN:
SF:src\application\saga-messages.service.ts
FN:9,(anonymous_4)
FN:14,(anonymous_5)
FN:34,(anonymous_6)
FN:49,(anonymous_7)
FNF:4
FNH:0
FNDA:0,(anonymous_4)
FNDA:0,(anonymous_5)
FNDA:0,(anonymous_6)
FNDA:0,(anonymous_7)
DA:3,0
DA:4,0
DA:5,0
DA:8,0
DA:10,0
DA:11,0
DA:16,0
DA:17,0
DA:18,0
DA:19,0
DA:23,0
DA:24,0
DA:25,0
DA:26,0
DA:27,0
DA:28,0
DA:31,0
DA:36,0
DA:37,0
DA:38,0
DA:39,0
DA:40,0
DA:41,0
DA:43,0
DA:46,0
DA:50,0
DA:64,0
DA:65,0
DA:67,0
LF:29
LH:0
BRDA:18,0,0,0
BRDA:18,1,0,0
BRDA:18,1,1,0
BRDA:25,2,0,0
BRDA:38,3,0,0
BRDA:38,3,1,0
BRDA:54,4,0,0
BRDA:54,4,1,0
BRDA:60,5,0,0
BRDA:60,5,1,0
BRF:10
BRH:0
end_of_record
TN:
SF:src\domain\core\concreteProduct.ts
FN:4,(anonymous_0)
FN:15,(anonymous_1)
FN:20,(anonymous_2)
FN:25,(anonymous_3)
FN:30,(anonymous_4)
FN:37,(anonymous_5)
FN:41,(anonymous_6)
FN:45,(anonymous_7)
FN:49,(anonymous_8)
FN:53,(anonymous_9)
FN:57,(anonymous_10)
FNF:11
FNH:7
FNDA:5,(anonymous_0)
FNDA:0,(anonymous_1)
FNDA:0,(anonymous_2)
FNDA:0,(anonymous_3)
FNDA:0,(anonymous_4)
FNDA:2,(anonymous_5)
FNDA:2,(anonymous_6)
FNDA:2,(anonymous_7)
FNDA:2,(anonymous_8)
FNDA:2,(anonymous_9)
FNDA:2,(anonymous_10)
DA:1,1
DA:3,1
DA:5,5
DA:6,5
DA:7,5
DA:8,5
DA:9,5
DA:10,5
DA:12,5
DA:16,0
DA:17,0
DA:21,0
DA:22,0
DA:26,0
DA:27,0
DA:31,0
DA:32,0
DA:33,0
DA:34,0
DA:38,2
DA:42,2
DA:46,2
DA:50,2
DA:54,2
DA:58,2
LF:25
LH:15
BRDA:16,0,0,0
BRDA:21,1,0,0
BRDA:26,2,0,0
BRDA:31,3,0,0
BRDA:31,3,1,0
BRDA:32,4,0,0
BRDA:32,4,1,0
BRDA:33,5,0,0
BRF:8
BRH:0
end_of_record
TN:
SF:src\domain\core\product.ts
FN:2,(anonymous_0)
FNF:1
FNH:1
FNDA:5,(anonymous_0)
DA:1,1
LF:1
LH:1
BRF:0
BRH:0
end_of_record
TN:
SF:src\infrastructure\adapters\mongo_db\inventory.repository.impl.ts
FN:12,(anonymous_4)
FN:16,(anonymous_5)
FN:18,(anonymous_6)
FN:21,(anonymous_7)
FN:36,(anonymous_8)
FN:38,(anonymous_9)
FN:41,(anonymous_10)
FN:46,(anonymous_11)
FN:51,(anonymous_12)
FN:69,(anonymous_13)
FNF:10
FNH:0
FNDA:0,(anonymous_4)
FNDA:0,(anonymous_5)
FNDA:0,(anonymous_6)
FNDA:0,(anonymous_7)
FNDA:0,(anonymous_8)
FNDA:0,(anonymous_9)
FNDA:0,(anonymous_10)
FNDA:0,(anonymous_11)
FNDA:0,(anonymous_12)
FNDA:0,(anonymous_13)
DA:1,1
DA:2,1
DA:4,1
DA:5,1
DA:6,1
DA:11,1
DA:13,0
DA:17,0
DA:18,0
DA:22,0
DA:23,0
DA:24,0
DA:26,0
DA:37,0
DA:38,0
DA:42,0
DA:43,0
DA:47,0
DA:48,0
DA:52,0
DA:54,0
DA:55,0
DA:58,0
DA:70,0
LF:24
LH:6
BRDA:23,0,0,0
BRDA:54,1,0,0
BRF:2
BRH:0
end_of_record
TN:
SF:src\infrastructure\adapters\mongo_db\mongo.module.ts
FNF:0
FNH:0
DA:1,0
DA:2,0
DA:3,0
DA:4,0
DA:5,0
DA:22,0
LF:6
LH:0
BRDA:10,0,0,0
BRDA:10,0,1,0
BRF:2
BRH:0
end_of_record
TN:
SF:src\infrastructure\schemas\inventory.schema.ts
FNF:0
FNH:0
DA:1,1
DA:7,1
DA:9,1
DA:12,1
DA:15,1
DA:18,1
DA:21,1
DA:24,1
DA:27,1
LF:9
LH:9
BRF:0
BRH:0
end_of_record
TN:
SF:src\interfaces\http\app.controller.ts
FN:21,(anonymous_4)
FN:32,(anonymous_5)
FN:43,(anonymous_6)
FN:55,(anonymous_7)
FN:73,(anonymous_8)
FN:87,(anonymous_9)
FN:105,(anonymous_10)
FNF:7
FNH:0
FNDA:0,(anonymous_4)
FNDA:0,(anonymous_5)
FNDA:0,(anonymous_6)
FNDA:0,(anonymous_7)
FNDA:0,(anonymous_8)
FNDA:0,(anonymous_9)
FNDA:0,(anonymous_10)
DA:1,0
DA:9,0
DA:10,0
DA:12,0
DA:13,0
DA:14,0
DA:15,0
DA:17,0
DA:20,0
DA:21,0
DA:32,0
DA:33,0
DA:34,0
DA:43,0
DA:44,0
DA:45,0
DA:47,0
DA:55,0
DA:56,0
DA:57,0
DA:58,0
DA:60,0
DA:73,0
DA:74,0
DA:75,0
DA:76,0
DA:77,0
DA:79,0
DA:87,0
DA:88,0
DA:90,0
DA:91,0
DA:92,0
DA:97,0
DA:105,0
DA:106,0
DA:107,0
DA:108,0
DA:113,0
LF:39
LH:0
BRF:0
BRH:0
end_of_record
TN:
SF:src\interfaces\http\dto\addProduct.dto.ts
FNF:0
FNH:0
DA:1,0
DA:3,0
DA:8,0
DA:12,0
DA:17,0
DA:22,0
DA:27,0
DA:32,0
LF:8
LH:0
BRF:0
BRH:0
end_of_record
TN:
SF:src\interfaces\http\dto\checkProduct.dto.ts
FNF:0
FNH:0
DA:1,0
DA:3,0
DA:8,0
DA:13,0
LF:4
LH:0
BRF:0
BRH:0
end_of_record
TN:
SF:src\interfaces\http\dto\editProduct.dto.ts
FNF:0
FNH:0
DA:1,0
DA:3,0
DA:8,0
DA:13,0
DA:18,0
DA:23,0
LF:6
LH:0
BRF:0
BRH:0
end_of_record
TN:
SF:src\interfaces\http\dto\id.dto.ts
FN:5,(anonymous_2)
FNF:1
FNH:0
FNDA:0,(anonymous_2)
DA:1,0
DA:2,0
DA:4,0
DA:5,0
DA:9,0
LF:5
LH:0
BRF:0
BRH:0
end_of_record
TN:
SF:src\interfaces\http\saga-messages\saga-messages.controller.ts
FN:8,(anonymous_4)
FN:11,(anonymous_5)
FN:14,(anonymous_6)
FN:22,(anonymous_7)
FN:25,(anonymous_8)
FNF:5
FNH:0
FNDA:0,(anonymous_4)
FNDA:0,(anonymous_5)
FNDA:0,(anonymous_6)
FNDA:0,(anonymous_7)
FNDA:0,(anonymous_8)
DA:1,0
DA:2,0
DA:3,0
DA:4,0
DA:7,0
DA:8,0
DA:11,0
DA:13,0
DA:14,0
DA:16,0
DA:18,0
DA:22,0
DA:24,0
DA:25,0
DA:27,0
DA:29,0
LF:16
LH:0
BRDA:13,0,0,0
BRDA:13,0,1,0
BRDA:24,1,0,0
BRDA:24,1,1,0
BRF:4
BRH:0
end_of_record
TN:
SF:src\interfaces\http\saga-messages\saga-messages.module.ts
FNF:0
FNH:0
DA:1,0
DA:2,0
DA:3,0
DA:5,0
DA:6,0
DA:18,0
LF:6
LH:0
BRF:0
BRH:0
end_of_record
TN:
SF:src\nats-client\nats-client.module.ts
FNF:0
FNH:0
DA:1,0
DA:2,0
DA:23,0
LF:3
LH:0
BRDA:13,0,0,0
BRDA:13,0,1,0
BRF:2
BRH:0
end_of_record
